<?xml version="1.0" encoding="utf-8"?><testsuite errors="0" failures="0" name="sphinx-gallery" skipped="2" tests="7" time="14.030858755111694"><testcase classname="plot_raise" file="../examples/no_output/plot_raise.py" line="1" name="Example that fails to execute" time="0.7345058917999268"><skipped message="expected example failure"></skipped></testcase><testcase classname="plot_syntaxerror" file="../examples/no_output/plot_syntaxerror.py" line="1" name="SyntaxError" time="0.0018672943115234375"><skipped message="expected example failure"></skipped></testcase><testcase classname="plot_collisions" file="../pyvista_examples/plot_collisions.py" line="1" name="Collision" time="5.9999518394470215"></testcase><testcase classname="plot_glyphs" file="../pyvista_examples/plot_glyphs.py" line="1" name="Plotting Glyphs (Vectors or PolyData)" time="2.3044521808624268"></testcase><testcase classname="plot_lighting" file="../pyvista_examples/plot_lighting.py" line="1" name="Lighting Properties" time="2.9612584114074707"></testcase><testcase classname="plot_ray_trace" file="../pyvista_examples/plot_ray_trace.py" line="1" name="Ray Tracing" time="0.42920970916748047"></testcase><testcase classname="plot_0_plotly" file="../plotly_examples/plot_0_plotly.py" line="1" name="Example with the plotly graphing library" time="1.5996134281158447"></testcase></testsuite>