<?xml version="1.0" encoding="utf-8"?><testsuite errors="0" failures="0" name="sphinx-gallery" skipped="2" tests="19" time="37.8468496799469"><testcase classname="plot_0_sin" file="../examples/plot_0_sin.py" line="1" name="Introductory example - Plotting sin" time="1.4736309051513672"></testcase><testcase classname="plot_1_exp" file="../examples/plot_1_exp.py" line="1" name="Plotting the exponential function" time="1.2224929332733154"></testcase><testcase classname="plot_2_seaborn" file="../examples/plot_2_seaborn.py" line="1" name="Seaborn example" time="2.0975146293640137"></testcase><testcase classname="plot_3_capture_repr" file="../examples/plot_3_capture_repr.py" line="1" name="Capturing output representations" time="2.9018120765686035"></testcase><testcase classname="plot_4_choose_thumbnail" file="../examples/plot_4_choose_thumbnail.py" line="1" name="Choosing the thumbnail figure" time="1.2518870830535889"></testcase><testcase classname="plot_4b_provide_thumbnail" file="../examples/plot_4b_provide_thumbnail.py" line="1" name="Providing a figure for the thumbnail image" time="2.142427921295166"></testcase><testcase classname="plot_5_unicode_everywhere" file="../examples/plot_5_unicode_everywhere.py" line="1" name="Using Unicode everywhere 🤗" time="1.8817718029022217"></testcase><testcase classname="plot_6_function_identifier" file="../examples/plot_6_function_identifier.py" line="1" name="Identifying function names in a script" time="0.765139102935791"></testcase><testcase classname="plot_7_sys_argv" file="../examples/plot_7_sys_argv.py" line="1" name="Using sys.argv in examples" time="0.20697426795959473"></testcase><testcase classname="plot_8_animations" file="../examples/plot_8_animations.py" line="1" name="Matplotlib animation support" time="3.399193048477173"></testcase><testcase classname="plot_raise" file="../examples/no_output/plot_raise.py" line="1" name="Example that fails to execute" time="1.3905925750732422"><skipped message="expected example failure"></skipped></testcase><testcase classname="plot_strings" file="../examples/no_output/plot_strings.py" line="1" name="Constrained Text output frame" time="0.4722294807434082"></testcase><testcase classname="plot_syntaxerror" file="../examples/no_output/plot_syntaxerror.py" line="1" name="SyntaxError" time="0.0028612613677978516"><skipped message="expected example failure"></skipped></testcase><testcase classname="plot_parse" file="../tutorials/plot_parse.py" line="1" name="Alternating text and code" time="1.225095272064209"></testcase><testcase classname="plot_collisions" file="../pyvista_examples/plot_collisions.py" line="1" name="Collision" time="7.46852970123291"></testcase><testcase classname="plot_glyphs" file="../pyvista_examples/plot_glyphs.py" line="1" name="Plotting Glyphs (Vectors or PolyData)" time="2.8619871139526367"></testcase><testcase classname="plot_lighting" file="../pyvista_examples/plot_lighting.py" line="1" name="Lighting Properties" time="4.491195917129517"></testcase><testcase classname="plot_ray_trace" file="../pyvista_examples/plot_ray_trace.py" line="1" name="Ray Tracing" time="0.5791535377502441"></testcase><testcase classname="plot_0_plotly" file="../plotly_examples/plot_0_plotly.py" line="1" name="Example with the plotly graphing library" time="2.0123610496520996"></testcase></testsuite>