<?xml version="1.0" encoding="utf-8"?><testsuite errors="0" failures="0" name="sphinx-gallery" skipped="2" tests="20" time="48.168845653533936"><testcase classname="plot_0_sin" file="../examples/plot_0_sin.py" line="1" name="Introductory example - Plotting sin" time="1.8867499828338623"></testcase><testcase classname="plot_1_exp" file="../examples/plot_1_exp.py" line="1" name="Plotting the exponential function" time="1.6747715473175049"></testcase><testcase classname="plot_2_seaborn" file="../examples/plot_2_seaborn.py" line="1" name="Seaborn example" time="2.138580322265625"></testcase><testcase classname="plot_3_capture_repr" file="../examples/plot_3_capture_repr.py" line="1" name="Capturing output representations" time="4.488735914230347"></testcase><testcase classname="plot_4_choose_thumbnail" file="../examples/plot_4_choose_thumbnail.py" line="1" name="Choosing the thumbnail figure" time="1.379640817642212"></testcase><testcase classname="plot_4b_provide_thumbnail" file="../examples/plot_4b_provide_thumbnail.py" line="1" name="Providing a figure for the thumbnail image" time="2.9417147636413574"></testcase><testcase classname="plot_5_unicode_everywhere" file="../examples/plot_5_unicode_everywhere.py" line="1" name="Using Unicode everywhere 🤗" time="2.005882978439331"></testcase><testcase classname="plot_6_function_identifier" file="../examples/plot_6_function_identifier.py" line="1" name="Identifying function names in a script" time="1.0823829174041748"></testcase><testcase classname="plot_7_sys_argv" file="../examples/plot_7_sys_argv.py" line="1" name="Using ``sys.argv`` in examples" time="0.4778859615325928"></testcase><testcase classname="plot_8_animations" file="../examples/plot_8_animations.py" line="1" name="Matplotlib animation support" time="4.357716083526611"></testcase><testcase classname="plot_raise" file="../examples/no_output/plot_raise.py" line="1" name="Example that fails to execute" time="1.2626605033874512"><skipped message="expected example failure"></skipped></testcase><testcase classname="plot_strings" file="../examples/no_output/plot_strings.py" line="1" name="Constrained Text output frame" time="0.5899543762207031"></testcase><testcase classname="plot_syntaxerror" file="../examples/no_output/plot_syntaxerror.py" line="1" name="SyntaxError" time="0.0032355785369873047"><skipped message="expected example failure"></skipped></testcase><testcase classname="plot_parse" file="../tutorials/plot_parse.py" line="1" name="Alternating text and code" time="2.1130361557006836"></testcase><testcase classname="plot_3d" file="../mayavi_examples/plot_3d.py" line="1" name="Plotting simple 3D graph with Mayavi" time="3.808699131011963"></testcase><testcase classname="plot_collisions" file="../pyvista_examples/plot_collisions.py" line="1" name="Collision" time="6.780628204345703"></testcase><testcase classname="plot_glyphs" file="../pyvista_examples/plot_glyphs.py" line="1" name="Plotting Glyphs (Vectors or PolyData)" time="3.2037322521209717"></testcase><testcase classname="plot_lighting" file="../pyvista_examples/plot_lighting.py" line="1" name="Lighting Properties" time="5.600018262863159"></testcase><testcase classname="plot_ray_trace" file="../pyvista_examples/plot_ray_trace.py" line="1" name="Ray Tracing" time="0.5457966327667236"></testcase><testcase classname="plot_0_plotly" file="../plotly_examples/plot_0_plotly.py" line="1" name="Example with the plotly graphing library" time="1.8270232677459717"></testcase></testsuite>